<?xml version="1.0" encoding="UTF-8"?>
<!-- Generated by org.testng.reporters.JUnitReportReporter -->
<testsuite skipped="0" hostname="DTBLR01LP215" name="Appium.FISA_B.Fisasignup" tests="1" failures="0" timestamp="22 Aug 2023 12:58:43 GMT" time="29.603" errors="0">
  <testcase name="AppiumTest" time="29.603" classname="Appium.FISA_B.Fisasignup"/>
</testsuite> <!-- Appium.FISA_B.Fisasignup -->
