<?xml version="1.0" encoding="UTF-8"?>
<!-- Generated by org.testng.reporters.JUnitReportReporter -->
<testsuite skipped="0" hostname="DTBLR01LP215" name="Appium.FISA_B.AppiumBasics" tests="1" failures="0" timestamp="11 Aug 2023 09:22:03 GMT" time="10.857" errors="0">
  <testcase name="AppiumTest" time="10.857" classname="Appium.FISA_B.AppiumBasics"/>
</testsuite> <!-- Appium.FISA_B.AppiumBasics -->
