<?xml version="1.0" encoding="UTF-8"?>
<!-- Generated by org.testng.reporters.JUnitReportReporter -->
<testsuite skipped="0" hostname="DTBLR01LP215" name="Login" tests="1" failures="0" timestamp="11 Aug 2023 12:20:59 GMT" time="11.483" errors="0">
  <testcase name="FisaLogin" time="11.483" classname="Login"/>
</testsuite> <!-- Login -->
