<?xml version="1.0" encoding="UTF-8"?>
<!-- Generated by org.testng.reporters.JUnitReportReporter -->
<testsuite skipped="0" hostname="DTBLR01LP215" name="Appium.FISA_B.Login" tests="1" failures="0" timestamp="29 Aug 2023 04:54:44 GMT" time="22.561" errors="0">
  <testcase name="FisaLogin" time="22.561" classname="Appium.FISA_B.Login"/>
</testsuite> <!-- Appium.FISA_B.Login -->
